{"D:\\node-skill-test\\ai-powerd-chart-bot-BE\\index.js": {"path":"D:\\node-skill-test\\ai-powerd-chart-bot-BE\\index.js","statementMap":{"0":{"start":{"line":1,"column":16},"end":{"line":1,"column":34}},"1":{"start":{"line":2,"column":12},"end":{"line":2,"column":21}},"2":{"start":{"line":3,"column":19},"end":{"line":3,"column":41}},"3":{"start":{"line":5,"column":13},"end":{"line":5,"column":28}},"4":{"start":{"line":7,"column":13},"end":{"line":7,"column":17}},"5":{"start":{"line":9,"column":22},"end":{"line":9,"column":59}},"6":{"start":{"line":11,"column":0},"end":{"line":11,"column":27}},"7":{"start":{"line":12,"column":0},"end":{"line":12,"column":16}},"8":{"start":{"line":14,"column":0},"end":{"line":14,"column":35}},"9":{"start":{"line":16,"column":0},"end":{"line":18,"column":3}},"10":{"start":{"line":17,"column":2},"end":{"line":17,"column":55}},"11":{"start":{"line":20,"column":0},"end":{"line":20,"column":21}}},"fnMap":{"0":{"name":"(anonymous_0)","decl":{"start":{"line":16,"column":17},"end":{"line":16,"column":18}},"loc":{"start":{"line":16,"column":23},"end":{"line":18,"column":1}},"line":16}},"branchMap":{},"s":{"0":1,"1":1,"2":1,"3":1,"4":1,"5":1,"6":1,"7":1,"8":1,"9":1,"10":1,"11":1},"f":{"0":1},"b":{},"_coverageSchema":"1a1c01bbd47fc00a2c39e90264f33305004495a9","hash":"02f246b34b64ba674dde0912f278b565d0d86e85"}
,"D:\\node-skill-test\\ai-powerd-chart-bot-BE\\src\\Routes\\openApiRouter.js": {"path":"D:\\node-skill-test\\ai-powerd-chart-bot-BE\\src\\Routes\\openApiRouter.js","statementMap":{"0":{"start":{"line":1,"column":16},"end":{"line":1,"column":34}},"1":{"start":{"line":2,"column":30},"end":{"line":2,"column":72}},"2":{"start":{"line":3,"column":15},"end":{"line":3,"column":31}},"3":{"start":{"line":5,"column":0},"end":{"line":5,"column":43}},"4":{"start":{"line":7,"column":0},"end":{"line":7,"column":24}}},"fnMap":{},"branchMap":{},"s":{"0":1,"1":1,"2":1,"3":1,"4":1},"f":{},"b":{},"_coverageSchema":"1a1c01bbd47fc00a2c39e90264f33305004495a9","hash":"be90124024d2c0dae60ab6bb3dfcbc26cb5c2b26"}
,"D:\\node-skill-test\\ai-powerd-chart-bot-BE\\src\\controller\\openApiController.js": {"path":"D:\\node-skill-test\\ai-powerd-chart-bot-BE\\src\\controller\\openApiController.js","statementMap":{"0":{"start":{"line":1,"column":27},"end":{"line":1,"column":64}},"1":{"start":{"line":3,"column":26},"end":{"line":20,"column":1}},"2":{"start":{"line":4,"column":2},"end":{"line":19,"column":3}},"3":{"start":{"line":5,"column":24},"end":{"line":5,"column":32}},"4":{"start":{"line":6,"column":4},"end":{"line":14,"column":5}},"5":{"start":{"line":7,"column":23},"end":{"line":7,"column":52}},"6":{"start":{"line":8,"column":6},"end":{"line":13,"column":11}},"7":{"start":{"line":16,"column":4},"end":{"line":18,"column":68}},"8":{"start":{"line":22,"column":0},"end":{"line":22,"column":39}}},"fnMap":{"0":{"name":"(anonymous_0)","decl":{"start":{"line":3,"column":26},"end":{"line":3,"column":27}},"loc":{"start":{"line":3,"column":46},"end":{"line":20,"column":1}},"line":3}},"branchMap":{"0":{"loc":{"start":{"line":6,"column":4},"end":{"line":14,"column":5}},"type":"if","locations":[{"start":{"line":6,"column":4},"end":{"line":14,"column":5}},{"start":{},"end":{}}],"line":6}},"s":{"0":1,"1":1,"2":2,"3":2,"4":2,"5":1,"6":1,"7":0,"8":1},"f":{"0":2},"b":{"0":[1,1]},"_coverageSchema":"1a1c01bbd47fc00a2c39e90264f33305004495a9","hash":"948c74d06acbd47dd6ddbb203009b00a32084e5c"}
,"D:\\node-skill-test\\ai-powerd-chart-bot-BE\\src\\service\\openApiResponse.js": {"path":"D:\\node-skill-test\\ai-powerd-chart-bot-BE\\src\\service\\openApiResponse.js","statementMap":{"0":{"start":{"line":1,"column":37},"end":{"line":1,"column":54}},"1":{"start":{"line":2,"column":0},"end":{"line":2,"column":27}},"2":{"start":{"line":4,"column":22},"end":{"line":7,"column":2}},"3":{"start":{"line":8,"column":16},"end":{"line":8,"column":44}},"4":{"start":{"line":10,"column":23},"end":{"line":22,"column":1}},"5":{"start":{"line":11,"column":2},"end":{"line":21,"column":3}},"6":{"start":{"line":12,"column":24},"end":{"line":17,"column":6}},"7":{"start":{"line":18,"column":4},"end":{"line":18,"column":23}},"8":{"start":{"line":20,"column":4},"end":{"line":20,"column":17}},"9":{"start":{"line":24,"column":0},"end":{"line":24,"column":36}}},"fnMap":{"0":{"name":"(anonymous_0)","decl":{"start":{"line":10,"column":23},"end":{"line":10,"column":24}},"loc":{"start":{"line":10,"column":42},"end":{"line":22,"column":1}},"line":10}},"branchMap":{},"s":{"0":1,"1":1,"2":1,"3":1,"4":1,"5":1,"6":1,"7":1,"8":0,"9":1},"f":{"0":1},"b":{},"_coverageSchema":"1a1c01bbd47fc00a2c39e90264f33305004495a9","hash":"307765942acb405b7815fc6cec883114a08a6984"}
}
